<?xml version='1.0' encoding='UTF-8'?>
<!DOCTYPE coverage SYSTEM 'http://cobertura.sourceforge.net/xml/coverage-04.dtd'>
<coverage line-rate="0.9824" branch-rate="0.4528601694915254" lines-covered="614" lines-valid="625" branches-covered="1710" branches-valid="3776" complexity="0.0" timestamp="1615342191" version="gcovr 4.2"><sources><source>/vagrant</source></sources><packages><package name="" line-rate="0.9823717948717948" branch-rate="0.4528351881293058" complexity="0.0"><classes><class name="Procedure_cpp" filename="Procedure.cpp" line-rate="1.0" branch-rate="0.7758620689655172" complexity="0.0"><methods/><lines><line number="10" hits="1190" branch="false"/><line number="11" hits="1190" branch="true" condition-coverage="100% (16/16)"><conditions><condition number="0" type="jump" coverage="100%"/></conditions></line><line number="12" hits="2220" branch="false"/><line number="14" hits="160" branch="true" condition-coverage="50% (1/2)"><conditions><condition number="0" type="jump" coverage="50%"/></conditions></line><line number="15" hits="80" branch="true" condition-coverage="50% (3/6)"><conditions><condition number="0" type="jump" coverage="50%"/></conditions></line><line number="16" hits="80" branch="true" condition-coverage="50% (2/4)"><conditions><condition number="0" type="jump" coverage="50%"/></conditions></line><line number="19" hits="32" branch="false"/><line number="20" hits="32" branch="false"/><line number="21" hits="32" branch="false"/><line number="23" hits="32" branch="false"/><line number="26" hits="5336" branch="false"/><line number="27" hits="5336" branch="true" condition-coverage="50% (1/2)"><conditions><condition number="0" type="jump" coverage="50%"/></conditions></line><line number="28" hits="5336" branch="false"/><line number="30" hits="174" branch="false"/><line number="31" hits="174" branch="false"/><line number="32" hits="174" branch="false"/><line number="34" hits="174" branch="false"/><line number="35" hits="380" branch="true" condition-coverage="100% (2/2)"><conditions><condition number="0" type="jump" coverage="100%"/></conditions></line><line number="36" hits="206" branch="false"/><line number="38" hits="174" branch="false"/><line number="41" hits="13340" branch="false"/><line number="42" hits="13340" branch="true" condition-coverage="50% (1/2)"><conditions><condition number="0" type="jump" coverage="50%"/></conditions></line><line number="43" hits="13340" branch="false"/><line number="45" hits="228" branch="false"/><line number="46" hits="228" branch="false"/><line number="47" hits="228" branch="false"/><line number="49" hits="228" branch="false"/><line number="52" hits="2668" branch="false"/><line number="53" hits="2668" branch="true" condition-coverage="50% (1/2)"><conditions><condition number="0" type="jump" coverage="50%"/></conditions></line><line number="54" hits="2668" branch="false"/><line number="56" hits="178" branch="false"/><line number="57" hits="178" branch="false"/><line number="58" hits="178" branch="false"/><line number="60" hits="178" branch="false"/><line number="61" hits="486" branch="true" condition-coverage="100% (2/2)"><conditions><condition number="0" type="jump" coverage="100%"/></conditions></line><line number="62" hits="318" branch="false"/><line number="64" hits="168" branch="false"/><line number="67" hits="2668" branch="false"/><line number="68" hits="2668" branch="true" condition-coverage="50% (1/2)"><conditions><condition number="0" type="jump" coverage="50%"/></conditions></line><line number="69" hits="2668" branch="false"/><line number="71" hits="28" branch="false"/><line number="72" hits="28" branch="false"/><line number="73" hits="28" branch="false"/><line number="75" hits="28" branch="false"/><line number="76" hits="70" branch="true" condition-coverage="100% (2/2)"><conditions><condition number="0" type="jump" coverage="100%"/></conditions></line><line number="77" hits="42" branch="false"/><line number="79" hits="28" branch="false"/><line number="82" hits="86" branch="false"/><line number="83" hits="86" branch="false"/><line number="85" hits="86" branch="true" condition-coverage="100% (2/2)"><conditions><condition number="0" type="jump" coverage="100%"/></conditions></line><line number="86" hits="28" branch="false"/><line number="88" hits="58" branch="false"/><line number="89" hits="42" branch="false"/><line number="92" hits="42" branch="false"/><line number="93" hits="42" branch="false"/><line number="94" hits="42" branch="false"/><line number="96" hits="42" branch="false"/><line number="99" hits="86" branch="false"/><line number="100" hits="172" branch="false"/><line number="102" hits="454" branch="true" condition-coverage="100% (2/2)"><conditions><condition number="0" type="jump" coverage="100%"/></conditions></line><line number="103" hits="370" branch="true" condition-coverage="100% (2/2)"><conditions><condition number="0" type="jump" coverage="100%"/></conditions></line><line number="105" hits="168" branch="true" condition-coverage="50% (1/2)"><conditions><condition number="0" type="jump" coverage="50%"/></conditions></line><line number="108" hits="60" branch="false"/><line number="109" hits="60" branch="false"/><line number="110" hits="60" branch="false"/><line number="112" hits="60" branch="true" condition-coverage="100% (2/2)"><conditions><condition number="0" type="jump" coverage="100%"/></conditions></line><line number="115" hits="176" branch="false"/><line number="116" hits="176" branch="false"/><line number="117" hits="176" branch="false"/><line number="119" hits="176" branch="false"/><line number="121" hits="192" branch="true" condition-coverage="66% (4/6)"><conditions><condition number="0" type="jump" coverage="66%"/></conditions></line><line number="122" hits="160" branch="false"/><line number="125" hits="92" branch="false"/><line number="126" hits="92" branch="false"/><line number="127" hits="92" branch="false"/><line number="129" hits="60" branch="false"/><line number="132" hits="122" branch="false"/><line number="133" hits="122" branch="false"/><line number="134" hits="122" branch="false"/><line number="136" hits="90" branch="false"/></lines></class><class name="Procedure_hpp" filename="Procedure.hpp" line-rate="1.0" branch-rate="0.0" complexity="0.0"><methods/><lines><line number="20" hits="8910" branch="false"/><line number="28" hits="22160" branch="false"/><line number="36" hits="4520" branch="false"/><line number="44" hits="4420" branch="false"/></lines></class><class name="environment_cpp" filename="environment.cpp" line-rate="1.0" branch-rate="0.5174418604651163" complexity="0.0"><methods/><lines><line number="10" hits="940" branch="false"/><line number="11" hits="4840" branch="false"/><line number="13" hits="990" branch="true" condition-coverage="50% (1/2)"><conditions><condition number="0" type="jump" coverage="50%"/></conditions></line><line number="16" hits="880" branch="false"/><line number="17" hits="880" branch="false"/><line number="19" hits="880" branch="true" condition-coverage="50% (3/6)"><conditions><condition number="0" type="jump" coverage="50%"/></conditions></line><line number="20" hits="880" branch="true" condition-coverage="50% (3/6)"><conditions><condition number="0" type="jump" coverage="50%"/></conditions></line><line number="21" hits="880" branch="true" condition-coverage="50% (5/10)"><conditions><condition number="0" type="jump" coverage="50%"/></conditions></line><line number="22" hits="880" branch="true" condition-coverage="50% (5/10)"><conditions><condition number="0" type="jump" coverage="50%"/></conditions></line><line number="23" hits="880" branch="true" condition-coverage="50% (5/10)"><conditions><condition number="0" type="jump" coverage="50%"/></conditions></line><line number="24" hits="880" branch="true" condition-coverage="50% (5/10)"><conditions><condition number="0" type="jump" coverage="50%"/></conditions></line><line number="25" hits="880" branch="true" condition-coverage="50% (5/10)"><conditions><condition number="0" type="jump" coverage="50%"/></conditions></line><line number="26" hits="880" branch="true" condition-coverage="50% (5/10)"><conditions><condition number="0" type="jump" coverage="50%"/></conditions></line><line number="27" hits="880" branch="true" condition-coverage="50% (5/10)"><conditions><condition number="0" type="jump" coverage="50%"/></conditions></line><line number="28" hits="880" branch="true" condition-coverage="50% (5/10)"><conditions><condition number="0" type="jump" coverage="50%"/></conditions></line><line number="29" hits="880" branch="true" condition-coverage="50% (3/6)"><conditions><condition number="0" type="jump" coverage="50%"/></conditions></line><line number="30" hits="880" branch="true" condition-coverage="50% (5/10)"><conditions><condition number="0" type="jump" coverage="50%"/></conditions></line><line number="31" hits="880" branch="true" condition-coverage="50% (3/6)"><conditions><condition number="0" type="jump" coverage="50%"/></conditions></line><line number="32" hits="880" branch="true" condition-coverage="50% (3/6)"><conditions><condition number="0" type="jump" coverage="50%"/></conditions></line><line number="33" hits="880" branch="true" condition-coverage="50% (3/6)"><conditions><condition number="0" type="jump" coverage="50%"/></conditions></line><line number="34" hits="880" branch="true" condition-coverage="50% (3/6)"><conditions><condition number="0" type="jump" coverage="50%"/></conditions></line><line number="35" hits="880" branch="true" condition-coverage="50% (3/6)"><conditions><condition number="0" type="jump" coverage="50%"/></conditions></line><line number="36" hits="880" branch="true" condition-coverage="50% (3/6)"><conditions><condition number="0" type="jump" coverage="50%"/></conditions></line><line number="39" hits="880" branch="false"/><line number="41" hits="15900" branch="false"/><line number="42" hits="15900" branch="true" condition-coverage="100% (2/2)"><conditions><condition number="0" type="jump" coverage="100%"/></conditions></line><line number="43" hits="5" branch="true" condition-coverage="50% (4/8)"><conditions><condition number="0" type="jump" coverage="50%"/></conditions></line><line number="45" hits="15895" branch="false"/><line number="46" hits="15895" branch="false"/><line number="48" hits="940" branch="false"/><line number="49" hits="945" branch="true" condition-coverage="66% (4/6)"><conditions><condition number="0" type="jump" coverage="66%"/></conditions></line><line number="50" hits="935" branch="false"/><line number="53" hits="515" branch="false"/><line number="54" hits="515" branch="true" condition-coverage="100% (2/2)"><conditions><condition number="0" type="jump" coverage="100%"/></conditions></line><line number="55" hits="980" branch="false"/><line number="57" hits="25" branch="true" condition-coverage="50% (4/8)"><conditions><condition number="0" type="jump" coverage="50%"/></conditions></line></lines></class><class name="environment_hpp" filename="environment.hpp" line-rate="1.0" branch-rate="0.0" complexity="0.0"><methods/><lines><line number="15" hits="1320" branch="false"/></lines></class><class name="expression_cpp" filename="expression.cpp" line-rate="0.9285714285714286" branch-rate="0.5673076923076923" complexity="0.0"><methods/><lines><line number="13" hits="455" branch="false"/><line number="14" hits="455" branch="false"/><line number="15" hits="455" branch="false"/><line number="16" hits="455" branch="false"/><line number="18" hits="1790" branch="false"/><line number="19" hits="1790" branch="false"/><line number="20" hits="1790" branch="false"/><line number="21" hits="1790" branch="false"/><line number="23" hits="750" branch="false"/><line number="24" hits="750" branch="false"/><line number="25" hits="750" branch="true" condition-coverage="50% (1/2)"><conditions><condition number="0" type="jump" coverage="50%"/></conditions></line><line number="26" hits="750" branch="false"/><line number="28" hits="295" branch="false"/><line number="29" hits="590" branch="true" condition-coverage="100% (2/2)"><conditions><condition number="0" type="jump" coverage="100%"/></conditions></line><line number="30" hits="410" branch="true" condition-coverage="75% (3/4)"><conditions><condition number="0" type="jump" coverage="75%"/></conditions></line><line number="31" hits="590" branch="true" condition-coverage="50% (2/4)"><conditions><condition number="0" type="jump" coverage="50%"/></conditions></line><line number="34" hits="590" branch="false"/><line number="35" hits="590" branch="false"/><line number="36" hits="590" branch="true" condition-coverage="100% (2/2)"><conditions><condition number="0" type="jump" coverage="100%"/></conditions></line><line number="37" hits="10" branch="true" condition-coverage="50% (1/2)"><conditions><condition number="0" type="jump" coverage="50%"/></conditions></line><line number="39" hits="580" branch="true" condition-coverage="100% (2/2)"><conditions><condition number="0" type="jump" coverage="100%"/></conditions></line><line number="40" hits="300" branch="true" condition-coverage="100% (2/2)"><conditions><condition number="0" type="jump" coverage="100%"/></conditions></line><line number="41" hits="160" branch="true" condition-coverage="50% (1/2)"><conditions><condition number="0" type="jump" coverage="50%"/></conditions></line><line number="44" hits="140" branch="true" condition-coverage="50% (1/2)"><conditions><condition number="0" type="jump" coverage="50%"/></conditions></line><line number="47" hits="280" branch="true" condition-coverage="50% (1/2)"><conditions><condition number="0" type="jump" coverage="50%"/></conditions></line><line number="48" hits="560" branch="true" condition-coverage="50% (1/2)"><conditions><condition number="0" type="jump" coverage="50%"/></conditions></line><line number="49" hits="280" branch="true" condition-coverage="50% (1/2)"><conditions><condition number="0" type="jump" coverage="50%"/></conditions></line><line number="50" hits="280" branch="true" condition-coverage="50% (1/2)"><conditions><condition number="0" type="jump" coverage="50%"/></conditions></line><line number="52" hits="0" branch="true" condition-coverage="0% (0/2)"><conditions><condition number="0" type="jump" coverage="0%"/></conditions></line><line number="53" hits="0" branch="true" condition-coverage="0% (0/2)"><conditions><condition number="0" type="jump" coverage="0%"/></conditions></line><line number="55" hits="590" branch="false"/><line number="60" hits="35" branch="false"/><line number="63" hits="35" branch="false"/><line number="64" hits="35" branch="true" condition-coverage="100% (2/2)"><conditions><condition number="0" type="jump" coverage="100%"/></conditions></line><line number="65" hits="5" branch="false"/><line number="66" hits="5" branch="false"/><line number="67" hits="5" branch="false"/><line number="69" hits="30" branch="true" condition-coverage="100% (2/2)"><conditions><condition number="0" type="jump" coverage="100%"/></conditions></line><line number="70" hits="5" branch="false"/><line number="71" hits="5" branch="false"/><line number="72" hits="5" branch="false"/><line number="77" hits="25" branch="true" condition-coverage="100% (2/2)"><conditions><condition number="0" type="jump" coverage="100%"/></conditions></line><line number="78" hits="15" branch="true" condition-coverage="100% (2/2)"><conditions><condition number="0" type="jump" coverage="100%"/></conditions></line><line number="79" hits="5" branch="false"/><line number="81" hits="10" branch="false"/><line number="82" hits="10" branch="false"/><line number="83" hits="10" branch="false"/><line number="85" hits="20" branch="false"/><line number="86" hits="10" branch="false"/><line number="87" hits="10" branch="true" condition-coverage="50% (1/2)"><conditions><condition number="0" type="jump" coverage="50%"/></conditions></line><line number="88" hits="10" branch="false"/><line number="91" hits="10" branch="true" condition-coverage="50% (1/2)"><conditions><condition number="0" type="jump" coverage="50%"/></conditions></line><line number="94" hits="1130" branch="false"/><line number="95" hits="1130" branch="true" condition-coverage="50% (1/2)"><conditions><condition number="0" type="jump" coverage="50%"/></conditions></line><line number="96" hits="0" branch="true" condition-coverage="0% (0/2)"><conditions><condition number="0" type="jump" coverage="0%"/></conditions></line><line number="99" hits="1130" branch="false"/><line number="100" hits="1130" branch="false"/><line number="102" hits="1565" branch="false"/><line number="103" hits="3130" branch="false"/><line number="104" hits="1565" branch="true" condition-coverage="100% (2/2)"><conditions><condition number="0" type="jump" coverage="100%"/></conditions></line><line number="105" hits="100" branch="false"/><line number="107" hits="1465" branch="true" condition-coverage="100% (2/2)"><conditions><condition number="0" type="jump" coverage="100%"/></conditions></line><line number="108" hits="70" branch="false"/><line number="113" hits="1395" branch="true" condition-coverage="100% (2/2)"><conditions><condition number="0" type="jump" coverage="100%"/></conditions></line><line number="114" hits="645" branch="true" condition-coverage="100% (2/2)"><conditions><condition number="0" type="jump" coverage="100%"/></conditions></line><line number="115" hits="5" branch="true" condition-coverage="75% (3/4)"><conditions><condition number="0" type="jump" coverage="75%"/></conditions></line><line number="117" hits="640" branch="false"/><line number="119" hits="1500" branch="false"/><line number="120" hits="750" branch="true" condition-coverage="50% (1/2)"><conditions><condition number="0" type="jump" coverage="50%"/></conditions></line><line number="123" hits="170" branch="false"/><line number="126" hits="60" branch="false"/><line number="127" hits="60" branch="true" condition-coverage="50% (1/2)"><conditions><condition number="0" type="jump" coverage="50%"/></conditions></line><line number="128" hits="0" branch="true" condition-coverage="0% (0/4)"><conditions><condition number="0" type="jump" coverage="0%"/></conditions></line><line number="130" hits="60" branch="false"/><line number="133" hits="405" branch="false"/><line number="134" hits="405" branch="true" condition-coverage="50% (1/2)"><conditions><condition number="0" type="jump" coverage="50%"/></conditions></line><line number="136" hits="0" branch="true" condition-coverage="0% (0/4)"><conditions><condition number="0" type="jump" coverage="0%"/></conditions></line><line number="138" hits="405" branch="false"/><line number="141" hits="425" branch="false"/><line number="142" hits="425" branch="true" condition-coverage="50% (1/2)"><conditions><condition number="0" type="jump" coverage="50%"/></conditions></line><line number="145" hits="95" branch="false"/><line number="146" hits="95" branch="true" condition-coverage="50% (1/2)"><conditions><condition number="0" type="jump" coverage="50%"/></conditions></line><line number="148" hits="0" branch="true" condition-coverage="0% (0/4)"><conditions><condition number="0" type="jump" coverage="0%"/></conditions></line><line number="150" hits="95" branch="false"/><line number="153" hits="95" branch="false"/><line number="154" hits="95" branch="true" condition-coverage="50% (1/2)"><conditions><condition number="0" type="jump" coverage="50%"/></conditions></line><line number="157" hits="1095" branch="false"/><line number="158" hits="1095" branch="true" condition-coverage="100% (2/2)"><conditions><condition number="0" type="jump" coverage="100%"/></conditions></line><line number="159" hits="580" branch="false"/><line number="162" hits="515" branch="true" condition-coverage="83% (5/6)"><conditions><condition number="0" type="jump" coverage="83%"/></conditions></line><line number="165" hits="590" branch="false"/><line number="166" hits="590" branch="false"/><line number="169" hits="590" branch="false"/><line number="170" hits="590" branch="true" condition-coverage="50% (1/2)"><conditions><condition number="0" type="jump" coverage="50%"/></conditions></line><line number="171" hits="590" branch="true" condition-coverage="50% (2/4)"><conditions><condition number="0" type="jump" coverage="50%"/></conditions></line><line number="172" hits="0" branch="true" condition-coverage="0% (0/2)"><conditions><condition number="0" type="jump" coverage="0%"/></conditions></line><line number="174" hits="590" branch="false"/><line number="175" hits="590" branch="false"/></lines></class><class name="expression_hpp" filename="expression.hpp" line-rate="1.0" branch-rate="0.25" complexity="0.0"><methods/><lines><line number="28" hits="32700" branch="false"/><line number="35" hits="32700" branch="false"/><line number="43" hits="27340" branch="true" condition-coverage="25% (1/4)"><conditions><condition number="0" type="jump" coverage="25%"/></conditions></line><line number="47" hits="2355" branch="false"/><line number="48" hits="2355" branch="false"/><line number="49" hits="2355" branch="false"/><line number="50" hits="2355" branch="false"/></lines></class><class name="interpreter_cpp" filename="interpreter.cpp" line-rate="0.9545454545454546" branch-rate="0.6935483870967742" complexity="0.0"><methods/><lines><line number="14" hits="440" branch="false"/><line number="15" hits="440" branch="true" condition-coverage="50% (1/2)"><conditions><condition number="0" type="jump" coverage="50%"/></conditions></line><line number="17" hits="440" branch="false"/><line number="19" hits="440" branch="false"/><line number="22" hits="440" branch="false"/><line number="24" hits="850" branch="true" condition-coverage="50% (2/4)"><conditions><condition number="0" type="jump" coverage="50%"/></conditions></line><line number="26" hits="440" branch="true" condition-coverage="100% (2/2)"><conditions><condition number="0" type="jump" coverage="100%"/></conditions></line><line number="27" hits="10" branch="true" condition-coverage="50% (1/2)"><conditions><condition number="0" type="jump" coverage="50%"/></conditions></line><line number="28" hits="10" branch="false"/><line number="30" hits="430" branch="true" condition-coverage="75% (3/4)"><conditions><condition number="0" type="jump" coverage="75%"/></conditions></line><line number="31" hits="5" branch="true" condition-coverage="50% (1/2)"><conditions><condition number="0" type="jump" coverage="50%"/></conditions></line><line number="32" hits="5" branch="false"/><line number="34" hits="425" branch="true" condition-coverage="100% (2/2)"><conditions><condition number="0" type="jump" coverage="100%"/></conditions></line><line number="35" hits="400" branch="true" condition-coverage="100% (2/2)"><conditions><condition number="0" type="jump" coverage="100%"/></conditions></line><line number="36" hits="15" branch="true" condition-coverage="50% (1/2)"><conditions><condition number="0" type="jump" coverage="50%"/></conditions></line><line number="37" hits="15" branch="true" condition-coverage="100% (2/2)"><conditions><condition number="0" type="jump" coverage="100%"/></conditions></line><line number="40" hits="50" branch="false"/><line number="41" hits="25" branch="false"/><line number="42" hits="25" branch="false"/><line number="44" hits="385" branch="true" condition-coverage="100% (2/2)"><conditions><condition number="0" type="jump" coverage="100%"/></conditions></line><line number="47" hits="385" branch="false"/><line number="50" hits="365" branch="false"/><line number="52" hits="365" branch="false"/><line number="55" hits="5" branch="false"/><line number="56" hits="5" branch="false"/><line number="60" hits="2220" branch="false"/><line number="61" hits="2220" branch="true" condition-coverage="50% (1/2)"><conditions><condition number="0" type="jump" coverage="50%"/></conditions></line><line number="62" hits="0" branch="true" condition-coverage="0% (0/2)"><conditions><condition number="0" type="jump" coverage="0%"/></conditions></line><line number="64" hits="4440" branch="true" condition-coverage="50% (1/2)"><conditions><condition number="0" type="jump" coverage="50%"/></conditions></line><line number="65" hits="2220" branch="true" condition-coverage="100% (2/2)"><conditions><condition number="0" type="jump" coverage="100%"/></conditions></line><line number="66" hits="655" branch="false"/><line number="67" hits="655" branch="true" condition-coverage="50% (1/2)"><conditions><condition number="0" type="jump" coverage="50%"/></conditions></line><line number="68" hits="0" branch="true" condition-coverage="0% (0/2)"><conditions><condition number="0" type="jump" coverage="0%"/></conditions></line><line number="70" hits="1305" branch="true" condition-coverage="100% (2/2)"><conditions><condition number="0" type="jump" coverage="100%"/></conditions></line><line number="71" hits="2910" branch="true" condition-coverage="87% (7/8)"><conditions><condition number="0" type="jump" coverage="87%"/></conditions></line><line number="72" hits="1140" branch="true" condition-coverage="75% (3/4)"><conditions><condition number="0" type="jump" coverage="75%"/></conditions></line><line number="75" hits="640" branch="true" condition-coverage="100% (2/2)"><conditions><condition number="0" type="jump" coverage="100%"/></conditions></line><line number="76" hits="20" branch="true" condition-coverage="50% (1/2)"><conditions><condition number="0" type="jump" coverage="50%"/></conditions></line><line number="78" hits="620" branch="false"/><line number="79" hits="620" branch="false"/><line number="82" hits="3125" branch="true" condition-coverage="100% (2/2)"><conditions><condition number="0" type="jump" coverage="100%"/></conditions></line><line number="83" hits="1560" branch="false"/><line number="84" hits="1560" branch="false"/><line number="87" hits="15" branch="true" condition-coverage="50% (2/4)"><conditions><condition number="0" type="jump" coverage="50%"/></conditions></line></lines></class><class name="interpreter_hpp" filename="interpreter.hpp" line-rate="1.0" branch-rate="0.0" complexity="0.0"><methods/><lines><line number="18" hits="1158" branch="false"/></lines></class><class name="interpreter_semantic_error_hpp" filename="interpreter_semantic_error.hpp" line-rate="1.0" branch-rate="0.0" complexity="0.0"><methods/><lines><line number="7" hits="264" branch="false"/><line number="9" hits="55" branch="false"/></lines></class><class name="test_interpreter_cpp" filename="test_interpreter.cpp" line-rate="0.9910714285714286" branch-rate="0.44596069868995636" complexity="0.0"><methods/><lines><line number="18" hits="692" branch="false"/><line number="20" hits="1384" branch="true" condition-coverage="50% (1/2)"><conditions><condition number="0" type="jump" coverage="50%"/></conditions></line><line number="22" hits="1384" branch="true" condition-coverage="50% (1/2)"><conditions><condition number="0" type="jump" coverage="50%"/></conditions></line><line number="24" hits="692" branch="false"/><line number="25" hits="692" branch="true" condition-coverage="50% (1/2)"><conditions><condition number="0" type="jump" coverage="50%"/></conditions></line><line number="26" hits="0" branch="true" condition-coverage="0% (0/6)"><conditions><condition number="0" type="jump" coverage="0%"/></conditions></line><line number="28" hits="692" branch="true" condition-coverage="40% (9/22)"><conditions><condition number="0" type="jump" coverage="40%"/></conditions></line><line number="30" hits="692" branch="false"/><line number="31" hits="692" branch="true" condition-coverage="60% (12/20)"><conditions><condition number="0" type="jump" coverage="60%"/></conditions></line><line number="33" hits="1364" branch="false"/><line number="36" hits="102" branch="false"/><line number="38" hits="204" branch="true" condition-coverage="50% (1/2)"><conditions><condition number="0" type="jump" coverage="50%"/></conditions></line><line number="39" hits="102" branch="true" condition-coverage="41% (10/24)"><conditions><condition number="0" type="jump" coverage="41%"/></conditions></line><line number="41" hits="204" branch="true" condition-coverage="50% (1/2)"><conditions><condition number="0" type="jump" coverage="50%"/></conditions></line><line number="43" hits="102" branch="false"/><line number="44" hits="102" branch="true" condition-coverage="50% (1/2)"><conditions><condition number="0" type="jump" coverage="50%"/></conditions></line><line number="45" hits="0" branch="true" condition-coverage="0% (0/6)"><conditions><condition number="0" type="jump" coverage="0%"/></conditions></line><line number="47" hits="102" branch="true" condition-coverage="40% (9/22)"><conditions><condition number="0" type="jump" coverage="40%"/></conditions></line><line number="49" hits="102" branch="false"/><line number="50" hits="102" branch="true" condition-coverage="60% (12/20)"><conditions><condition number="0" type="jump" coverage="60%"/></conditions></line><line number="52" hits="200" branch="false"/><line number="55" hits="28" branch="true" condition-coverage="50% (2/4)"><conditions><condition number="0" type="jump" coverage="50%"/></conditions></line><line number="57" hits="28" branch="true" condition-coverage="50% (1/2)"><conditions><condition number="0" type="jump" coverage="50%"/></conditions></line><line number="59" hits="28" branch="true" condition-coverage="50% (1/2)"><conditions><condition number="0" type="jump" coverage="50%"/></conditions></line><line number="61" hits="28" branch="true" condition-coverage="50% (1/2)"><conditions><condition number="0" type="jump" coverage="50%"/></conditions></line><line number="63" hits="14" branch="false"/><line number="65" hits="14" branch="true" condition-coverage="50% (3/6)"><conditions><condition number="0" type="jump" coverage="50%"/></conditions></line><line number="67" hits="14" branch="true" condition-coverage="40% (9/22)"><conditions><condition number="0" type="jump" coverage="40%"/></conditions></line><line number="68" hits="14" branch="false"/><line number="70" hits="28" branch="true" condition-coverage="50% (2/4)"><conditions><condition number="0" type="jump" coverage="50%"/></conditions></line><line number="72" hits="28" branch="true" condition-coverage="50% (7/14)"><conditions><condition number="0" type="jump" coverage="50%"/></conditions></line><line number="74" hits="70" branch="true" condition-coverage="75% (3/4)"><conditions><condition number="0" type="jump" coverage="75%"/></conditions></line><line number="75" hits="112" branch="true" condition-coverage="50% (1/2)"><conditions><condition number="0" type="jump" coverage="50%"/></conditions></line><line number="77" hits="112" branch="true" condition-coverage="50% (1/2)"><conditions><condition number="0" type="jump" coverage="50%"/></conditions></line><line number="79" hits="56" branch="false"/><line number="81" hits="56" branch="true" condition-coverage="40% (9/22)"><conditions><condition number="0" type="jump" coverage="40%"/></conditions></line><line number="83" hits="14" branch="false"/><line number="85" hits="28" branch="true" condition-coverage="50% (2/4)"><conditions><condition number="0" type="jump" coverage="50%"/></conditions></line><line number="88" hits="28" branch="true" condition-coverage="50% (1/2)"><conditions><condition number="0" type="jump" coverage="50%"/></conditions></line><line number="89" hits="28" branch="true" condition-coverage="50% (1/2)"><conditions><condition number="0" type="jump" coverage="50%"/></conditions></line><line number="91" hits="28" branch="true" condition-coverage="50% (1/2)"><conditions><condition number="0" type="jump" coverage="50%"/></conditions></line><line number="92" hits="14" branch="false"/><line number="93" hits="14" branch="true" condition-coverage="40% (9/22)"><conditions><condition number="0" type="jump" coverage="40%"/></conditions></line><line number="97" hits="28" branch="true" condition-coverage="50% (1/2)"><conditions><condition number="0" type="jump" coverage="50%"/></conditions></line><line number="98" hits="28" branch="true" condition-coverage="50% (1/2)"><conditions><condition number="0" type="jump" coverage="50%"/></conditions></line><line number="100" hits="28" branch="true" condition-coverage="50% (1/2)"><conditions><condition number="0" type="jump" coverage="50%"/></conditions></line><line number="101" hits="14" branch="false"/><line number="102" hits="14" branch="true" condition-coverage="40% (9/22)"><conditions><condition number="0" type="jump" coverage="40%"/></conditions></line><line number="104" hits="14" branch="false"/><line number="106" hits="28" branch="true" condition-coverage="50% (2/4)"><conditions><condition number="0" type="jump" coverage="50%"/></conditions></line><line number="108" hits="28" branch="true" condition-coverage="50% (1/2)"><conditions><condition number="0" type="jump" coverage="50%"/></conditions></line><line number="109" hits="28" branch="true" condition-coverage="50% (1/2)"><conditions><condition number="0" type="jump" coverage="50%"/></conditions></line><line number="111" hits="28" branch="true" condition-coverage="50% (1/2)"><conditions><condition number="0" type="jump" coverage="50%"/></conditions></line><line number="113" hits="14" branch="false"/><line number="115" hits="14" branch="true" condition-coverage="40% (9/22)"><conditions><condition number="0" type="jump" coverage="40%"/></conditions></line><line number="116" hits="14" branch="false"/><line number="118" hits="28" branch="true" condition-coverage="50% (2/4)"><conditions><condition number="0" type="jump" coverage="50%"/></conditions></line><line number="120" hits="28" branch="true" condition-coverage="50% (1/2)"><conditions><condition number="0" type="jump" coverage="50%"/></conditions></line><line number="121" hits="28" branch="true" condition-coverage="50% (1/2)"><conditions><condition number="0" type="jump" coverage="50%"/></conditions></line><line number="123" hits="28" branch="true" condition-coverage="50% (1/2)"><conditions><condition number="0" type="jump" coverage="50%"/></conditions></line><line number="125" hits="14" branch="false"/><line number="127" hits="14" branch="true" condition-coverage="40% (9/22)"><conditions><condition number="0" type="jump" coverage="40%"/></conditions></line><line number="128" hits="14" branch="false"/><line number="130" hits="28" branch="true" condition-coverage="50% (2/4)"><conditions><condition number="0" type="jump" coverage="50%"/></conditions></line><line number="132" hits="28" branch="false"/><line number="133" hits="28" branch="true" condition-coverage="50% (1/2)"><conditions><condition number="0" type="jump" coverage="50%"/></conditions></line><line number="135" hits="28" branch="true" condition-coverage="50% (1/2)"><conditions><condition number="0" type="jump" coverage="50%"/></conditions></line><line number="137" hits="14" branch="false"/><line number="139" hits="14" branch="true" condition-coverage="40% (9/22)"><conditions><condition number="0" type="jump" coverage="40%"/></conditions></line><line number="140" hits="14" branch="false"/><line number="142" hits="28" branch="true" condition-coverage="50% (2/4)"><conditions><condition number="0" type="jump" coverage="50%"/></conditions></line><line number="144" hits="28" branch="true" condition-coverage="50% (1/2)"><conditions><condition number="0" type="jump" coverage="50%"/></conditions></line><line number="145" hits="28" branch="true" condition-coverage="50% (1/2)"><conditions><condition number="0" type="jump" coverage="50%"/></conditions></line><line number="147" hits="28" branch="true" condition-coverage="50% (1/2)"><conditions><condition number="0" type="jump" coverage="50%"/></conditions></line><line number="149" hits="14" branch="false"/><line number="151" hits="14" branch="true" condition-coverage="40% (9/22)"><conditions><condition number="0" type="jump" coverage="40%"/></conditions></line><line number="152" hits="14" branch="false"/><line number="154" hits="28" branch="true" condition-coverage="50% (2/4)"><conditions><condition number="0" type="jump" coverage="50%"/></conditions></line><line number="156" hits="28" branch="true" condition-coverage="50% (1/2)"><conditions><condition number="0" type="jump" coverage="50%"/></conditions></line><line number="157" hits="28" branch="true" condition-coverage="50% (1/2)"><conditions><condition number="0" type="jump" coverage="50%"/></conditions></line><line number="159" hits="28" branch="true" condition-coverage="50% (1/2)"><conditions><condition number="0" type="jump" coverage="50%"/></conditions></line><line number="161" hits="14" branch="false"/><line number="163" hits="14" branch="true" condition-coverage="40% (9/22)"><conditions><condition number="0" type="jump" coverage="40%"/></conditions></line><line number="164" hits="14" branch="false"/><line number="166" hits="28" branch="true" condition-coverage="50% (2/4)"><conditions><condition number="0" type="jump" coverage="50%"/></conditions></line><line number="168" hits="28" branch="true" condition-coverage="50% (1/2)"><conditions><condition number="0" type="jump" coverage="50%"/></conditions></line><line number="169" hits="28" branch="true" condition-coverage="50% (1/2)"><conditions><condition number="0" type="jump" coverage="50%"/></conditions></line><line number="171" hits="28" branch="true" condition-coverage="50% (1/2)"><conditions><condition number="0" type="jump" coverage="50%"/></conditions></line><line number="173" hits="14" branch="false"/><line number="175" hits="14" branch="true" condition-coverage="40% (9/22)"><conditions><condition number="0" type="jump" coverage="40%"/></conditions></line><line number="176" hits="14" branch="false"/><line number="178" hits="28" branch="true" condition-coverage="50% (2/4)"><conditions><condition number="0" type="jump" coverage="50%"/></conditions></line><line number="181" hits="28" branch="true" condition-coverage="50% (1/2)"><conditions><condition number="0" type="jump" coverage="50%"/></conditions></line><line number="182" hits="28" branch="true" condition-coverage="50% (1/2)"><conditions><condition number="0" type="jump" coverage="50%"/></conditions></line><line number="183" hits="14" branch="true" condition-coverage="41% (10/24)"><conditions><condition number="0" type="jump" coverage="41%"/></conditions></line><line number="187" hits="28" branch="true" condition-coverage="50% (1/2)"><conditions><condition number="0" type="jump" coverage="50%"/></conditions></line><line number="188" hits="28" branch="true" condition-coverage="50% (1/2)"><conditions><condition number="0" type="jump" coverage="50%"/></conditions></line><line number="189" hits="14" branch="true" condition-coverage="41% (10/24)"><conditions><condition number="0" type="jump" coverage="41%"/></conditions></line><line number="193" hits="28" branch="true" condition-coverage="50% (1/2)"><conditions><condition number="0" type="jump" coverage="50%"/></conditions></line><line number="194" hits="28" branch="true" condition-coverage="50% (1/2)"><conditions><condition number="0" type="jump" coverage="50%"/></conditions></line><line number="195" hits="14" branch="true" condition-coverage="45% (11/24)"><conditions><condition number="0" type="jump" coverage="45%"/></conditions></line><line number="199" hits="24" branch="true" condition-coverage="50% (1/2)"><conditions><condition number="0" type="jump" coverage="50%"/></conditions></line><line number="200" hits="24" branch="true" condition-coverage="50% (1/2)"><conditions><condition number="0" type="jump" coverage="50%"/></conditions></line><line number="201" hits="12" branch="true" condition-coverage="41% (10/24)"><conditions><condition number="0" type="jump" coverage="41%"/></conditions></line><line number="204" hits="12" branch="false"/><line number="206" hits="28" branch="true" condition-coverage="50% (2/4)"><conditions><condition number="0" type="jump" coverage="50%"/></conditions></line><line number="209" hits="28" branch="true" condition-coverage="50% (1/2)"><conditions><condition number="0" type="jump" coverage="50%"/></conditions></line><line number="210" hits="26" branch="true" condition-coverage="100% (2/2)"><conditions><condition number="0" type="jump" coverage="100%"/></conditions></line><line number="211" hits="12" branch="true" condition-coverage="41% (10/24)"><conditions><condition number="0" type="jump" coverage="41%"/></conditions></line><line number="215" hits="24" branch="true" condition-coverage="50% (1/2)"><conditions><condition number="0" type="jump" coverage="50%"/></conditions></line><line number="216" hits="24" branch="true" condition-coverage="50% (1/2)"><conditions><condition number="0" type="jump" coverage="50%"/></conditions></line><line number="217" hits="12" branch="true" condition-coverage="41% (10/24)"><conditions><condition number="0" type="jump" coverage="41%"/></conditions></line><line number="221" hits="24" branch="true" condition-coverage="50% (1/2)"><conditions><condition number="0" type="jump" coverage="50%"/></conditions></line><line number="222" hits="24" branch="true" condition-coverage="50% (1/2)"><conditions><condition number="0" type="jump" coverage="50%"/></conditions></line><line number="223" hits="12" branch="true" condition-coverage="41% (10/24)"><conditions><condition number="0" type="jump" coverage="41%"/></conditions></line><line number="225" hits="12" branch="false"/><line number="227" hits="28" branch="true" condition-coverage="50% (2/4)"><conditions><condition number="0" type="jump" coverage="50%"/></conditions></line><line number="230" hits="28" branch="true" condition-coverage="50% (1/2)"><conditions><condition number="0" type="jump" coverage="50%"/></conditions></line><line number="231" hits="28" branch="true" condition-coverage="50% (1/2)"><conditions><condition number="0" type="jump" coverage="50%"/></conditions></line><line number="232" hits="14" branch="true" condition-coverage="45% (11/24)"><conditions><condition number="0" type="jump" coverage="45%"/></conditions></line><line number="236" hits="24" branch="true" condition-coverage="50% (1/2)"><conditions><condition number="0" type="jump" coverage="50%"/></conditions></line><line number="237" hits="24" branch="true" condition-coverage="50% (1/2)"><conditions><condition number="0" type="jump" coverage="50%"/></conditions></line><line number="238" hits="12" branch="true" condition-coverage="41% (10/24)"><conditions><condition number="0" type="jump" coverage="41%"/></conditions></line><line number="240" hits="12" branch="false"/><line number="242" hits="28" branch="true" condition-coverage="50% (2/4)"><conditions><condition number="0" type="jump" coverage="50%"/></conditions></line><line number="245" hits="28" branch="true" condition-coverage="50% (1/2)"><conditions><condition number="0" type="jump" coverage="50%"/></conditions></line><line number="246" hits="28" branch="true" condition-coverage="50% (1/2)"><conditions><condition number="0" type="jump" coverage="50%"/></conditions></line><line number="247" hits="14" branch="true" condition-coverage="45% (11/24)"><conditions><condition number="0" type="jump" coverage="45%"/></conditions></line><line number="250" hits="24" branch="true" condition-coverage="50% (1/2)"><conditions><condition number="0" type="jump" coverage="50%"/></conditions></line><line number="251" hits="24" branch="true" condition-coverage="50% (1/2)"><conditions><condition number="0" type="jump" coverage="50%"/></conditions></line><line number="252" hits="12" branch="true" condition-coverage="41% (10/24)"><conditions><condition number="0" type="jump" coverage="41%"/></conditions></line><line number="256" hits="24" branch="true" condition-coverage="50% (1/2)"><conditions><condition number="0" type="jump" coverage="50%"/></conditions></line><line number="257" hits="24" branch="true" condition-coverage="50% (1/2)"><conditions><condition number="0" type="jump" coverage="50%"/></conditions></line><line number="258" hits="12" branch="true" condition-coverage="41% (10/24)"><conditions><condition number="0" type="jump" coverage="41%"/></conditions></line><line number="262" hits="24" branch="true" condition-coverage="50% (1/2)"><conditions><condition number="0" type="jump" coverage="50%"/></conditions></line><line number="263" hits="24" branch="true" condition-coverage="50% (1/2)"><conditions><condition number="0" type="jump" coverage="50%"/></conditions></line><line number="264" hits="12" branch="true" condition-coverage="41% (10/24)"><conditions><condition number="0" type="jump" coverage="41%"/></conditions></line><line number="266" hits="12" branch="false"/><line number="268" hits="28" branch="true" condition-coverage="50% (2/4)"><conditions><condition number="0" type="jump" coverage="50%"/></conditions></line><line number="271" hits="28" branch="true" condition-coverage="50% (1/2)"><conditions><condition number="0" type="jump" coverage="50%"/></conditions></line><line number="272" hits="26" branch="true" condition-coverage="100% (2/2)"><conditions><condition number="0" type="jump" coverage="100%"/></conditions></line><line number="273" hits="12" branch="true" condition-coverage="41% (10/24)"><conditions><condition number="0" type="jump" coverage="41%"/></conditions></line><line number="275" hits="12" branch="false"/><line number="277" hits="28" branch="true" condition-coverage="50% (2/4)"><conditions><condition number="0" type="jump" coverage="50%"/></conditions></line><line number="286" hits="28" branch="true" condition-coverage="50% (10/20)"><conditions><condition number="0" type="jump" coverage="50%"/></conditions></line><line number="287" hits="100" branch="true" condition-coverage="75% (3/4)"><conditions><condition number="0" type="jump" coverage="75%"/></conditions></line><line number="288" hits="170" branch="true" condition-coverage="100% (2/2)"><conditions><condition number="0" type="jump" coverage="100%"/></conditions></line><line number="289" hits="84" branch="true" condition-coverage="41% (10/24)"><conditions><condition number="0" type="jump" coverage="41%"/></conditions></line><line number="300" hits="24" branch="true" condition-coverage="50% (10/20)"><conditions><condition number="0" type="jump" coverage="50%"/></conditions></line><line number="301" hits="96" branch="true" condition-coverage="75% (3/4)"><conditions><condition number="0" type="jump" coverage="75%"/></conditions></line><line number="302" hits="168" branch="true" condition-coverage="50% (1/2)"><conditions><condition number="0" type="jump" coverage="50%"/></conditions></line><line number="303" hits="84" branch="true" condition-coverage="41% (10/24)"><conditions><condition number="0" type="jump" coverage="41%"/></conditions></line><line number="306" hits="12" branch="false"/><line number="308" hits="28" branch="true" condition-coverage="50% (2/4)"><conditions><condition number="0" type="jump" coverage="50%"/></conditions></line><line number="318" hits="28" branch="true" condition-coverage="50% (11/22)"><conditions><condition number="0" type="jump" coverage="50%"/></conditions></line><line number="320" hits="112" branch="true" condition-coverage="75% (3/4)"><conditions><condition number="0" type="jump" coverage="75%"/></conditions></line><line number="321" hits="194" branch="true" condition-coverage="100% (2/2)"><conditions><condition number="0" type="jump" coverage="100%"/></conditions></line><line number="322" hits="96" branch="true" condition-coverage="41% (10/24)"><conditions><condition number="0" type="jump" coverage="41%"/></conditions></line><line number="325" hits="12" branch="false"/><line number="327" hits="28" branch="true" condition-coverage="50% (2/4)"><conditions><condition number="0" type="jump" coverage="50%"/></conditions></line><line number="329" hits="14" branch="true" condition-coverage="42% (12/28)"><conditions><condition number="0" type="jump" coverage="42%"/></conditions></line><line number="330" hits="14" branch="true" condition-coverage="42% (12/28)"><conditions><condition number="0" type="jump" coverage="42%"/></conditions></line><line number="332" hits="14" branch="true" condition-coverage="42% (12/28)"><conditions><condition number="0" type="jump" coverage="42%"/></conditions></line><line number="333" hits="14" branch="true" condition-coverage="42% (12/28)"><conditions><condition number="0" type="jump" coverage="42%"/></conditions></line><line number="334" hits="14" branch="true" condition-coverage="42% (12/28)"><conditions><condition number="0" type="jump" coverage="42%"/></conditions></line><line number="335" hits="14" branch="true" condition-coverage="42% (12/28)"><conditions><condition number="0" type="jump" coverage="42%"/></conditions></line><line number="336" hits="14" branch="true" condition-coverage="42% (12/28)"><conditions><condition number="0" type="jump" coverage="42%"/></conditions></line><line number="338" hits="14" branch="true" condition-coverage="42% (12/28)"><conditions><condition number="0" type="jump" coverage="42%"/></conditions></line><line number="339" hits="14" branch="true" condition-coverage="42% (12/28)"><conditions><condition number="0" type="jump" coverage="42%"/></conditions></line><line number="340" hits="14" branch="true" condition-coverage="42% (12/28)"><conditions><condition number="0" type="jump" coverage="42%"/></conditions></line><line number="341" hits="14" branch="true" condition-coverage="42% (12/28)"><conditions><condition number="0" type="jump" coverage="42%"/></conditions></line><line number="342" hits="14" branch="true" condition-coverage="42% (12/28)"><conditions><condition number="0" type="jump" coverage="42%"/></conditions></line><line number="343" hits="14" branch="false"/><line number="345" hits="28" branch="true" condition-coverage="50% (2/4)"><conditions><condition number="0" type="jump" coverage="50%"/></conditions></line><line number="349" hits="28" branch="true" condition-coverage="50% (6/12)"><conditions><condition number="0" type="jump" coverage="50%"/></conditions></line><line number="350" hits="56" branch="true" condition-coverage="75% (3/4)"><conditions><condition number="0" type="jump" coverage="75%"/></conditions></line><line number="351" hits="84" branch="true" condition-coverage="50% (1/2)"><conditions><condition number="0" type="jump" coverage="50%"/></conditions></line><line number="353" hits="84" branch="true" condition-coverage="50% (1/2)"><conditions><condition number="0" type="jump" coverage="50%"/></conditions></line><line number="355" hits="42" branch="false"/><line number="356" hits="42" branch="true" condition-coverage="37% (12/32)"><conditions><condition number="0" type="jump" coverage="37%"/></conditions></line><line number="358" hits="14" branch="false"/><line number="360" hits="28" branch="true" condition-coverage="50% (2/4)"><conditions><condition number="0" type="jump" coverage="50%"/></conditions></line><line number="361" hits="14" branch="true" condition-coverage="50% (14/28)"><conditions><condition number="0" type="jump" coverage="50%"/></conditions></line><line number="362" hits="12" branch="true" condition-coverage="42% (12/28)"><conditions><condition number="0" type="jump" coverage="42%"/></conditions></line><line number="363" hits="12" branch="true" condition-coverage="42% (12/28)"><conditions><condition number="0" type="jump" coverage="42%"/></conditions></line><line number="365" hits="12" branch="true" condition-coverage="42% (12/28)"><conditions><condition number="0" type="jump" coverage="42%"/></conditions></line><line number="366" hits="12" branch="true" condition-coverage="42% (12/28)"><conditions><condition number="0" type="jump" coverage="42%"/></conditions></line><line number="367" hits="12" branch="true" condition-coverage="42% (12/28)"><conditions><condition number="0" type="jump" coverage="42%"/></conditions></line><line number="368" hits="12" branch="false"/><line number="370" hits="28" branch="true" condition-coverage="50% (2/4)"><conditions><condition number="0" type="jump" coverage="50%"/></conditions></line><line number="380" hits="28" branch="true" condition-coverage="50% (11/22)"><conditions><condition number="0" type="jump" coverage="50%"/></conditions></line><line number="381" hits="126" branch="true" condition-coverage="75% (3/4)"><conditions><condition number="0" type="jump" coverage="75%"/></conditions></line><line number="382" hits="224" branch="true" condition-coverage="50% (1/2)"><conditions><condition number="0" type="jump" coverage="50%"/></conditions></line><line number="384" hits="224" branch="true" condition-coverage="50% (1/2)"><conditions><condition number="0" type="jump" coverage="50%"/></conditions></line><line number="386" hits="112" branch="false"/><line number="388" hits="112" branch="true" condition-coverage="37% (12/32)"><conditions><condition number="0" type="jump" coverage="37%"/></conditions></line><line number="390" hits="14" branch="false"/><line number="392" hits="28" branch="true" condition-coverage="50% (2/4)"><conditions><condition number="0" type="jump" coverage="50%"/></conditions></line><line number="394" hits="28" branch="true" condition-coverage="50% (1/2)"><conditions><condition number="0" type="jump" coverage="50%"/></conditions></line><line number="396" hits="28" branch="true" condition-coverage="50% (1/2)"><conditions><condition number="0" type="jump" coverage="50%"/></conditions></line><line number="397" hits="14" branch="true" condition-coverage="41% (10/24)"><conditions><condition number="0" type="jump" coverage="41%"/></conditions></line><line number="399" hits="28" branch="true" condition-coverage="50% (1/2)"><conditions><condition number="0" type="jump" coverage="50%"/></conditions></line><line number="401" hits="14" branch="false"/><line number="402" hits="14" branch="true" condition-coverage="40% (9/22)"><conditions><condition number="0" type="jump" coverage="40%"/></conditions></line><line number="403" hits="14" branch="false"/><line number="405" hits="28" branch="true" condition-coverage="50% (2/4)"><conditions><condition number="0" type="jump" coverage="50%"/></conditions></line><line number="407" hits="28" branch="true" condition-coverage="50% (1/2)"><conditions><condition number="0" type="jump" coverage="50%"/></conditions></line><line number="409" hits="28" branch="true" condition-coverage="50% (1/2)"><conditions><condition number="0" type="jump" coverage="50%"/></conditions></line><line number="410" hits="14" branch="true" condition-coverage="41% (10/24)"><conditions><condition number="0" type="jump" coverage="41%"/></conditions></line><line number="412" hits="28" branch="true" condition-coverage="50% (1/2)"><conditions><condition number="0" type="jump" coverage="50%"/></conditions></line><line number="414" hits="14" branch="false"/><line number="415" hits="14" branch="true" condition-coverage="40% (9/22)"><conditions><condition number="0" type="jump" coverage="40%"/></conditions></line><line number="416" hits="14" branch="false"/><line number="418" hits="28" branch="true" condition-coverage="50% (2/4)"><conditions><condition number="0" type="jump" coverage="50%"/></conditions></line><line number="420" hits="14" branch="false"/><line number="421" hits="14" branch="false"/><line number="422" hits="28" branch="true" condition-coverage="50% (1/2)"><conditions><condition number="0" type="jump" coverage="50%"/></conditions></line><line number="424" hits="64" branch="true" condition-coverage="100% (2/2)"><conditions><condition number="0" type="jump" coverage="100%"/></conditions></line><line number="426" hits="104" branch="true" condition-coverage="50% (3/6)"><conditions><condition number="0" type="jump" coverage="50%"/></conditions></line><line number="427" hits="104" branch="true" condition-coverage="50% (1/2)"><conditions><condition number="0" type="jump" coverage="50%"/></conditions></line><line number="428" hits="102" branch="true" condition-coverage="100% (2/2)"><conditions><condition number="0" type="jump" coverage="100%"/></conditions></line><line number="429" hits="100" branch="true" condition-coverage="50% (1/2)"><conditions><condition number="0" type="jump" coverage="50%"/></conditions></line><line number="431" hits="50" branch="true" condition-coverage="40% (9/22)"><conditions><condition number="0" type="jump" coverage="40%"/></conditions></line><line number="433" hits="54" branch="true" condition-coverage="50% (2/4)"><conditions><condition number="0" type="jump" coverage="50%"/></conditions></line></lines></class><class name="test_tokenize_cpp" filename="test_tokenize.cpp" line-rate="1.0" branch-rate="0.4161490683229814" complexity="0.0"><methods/><lines><line number="8" hits="10" branch="true" condition-coverage="50% (2/4)"><conditions><condition number="0" type="jump" coverage="50%"/></conditions></line><line number="10" hits="10" branch="true" condition-coverage="50% (1/2)"><conditions><condition number="0" type="jump" coverage="50%"/></conditions></line><line number="12" hits="10" branch="true" condition-coverage="50% (1/2)"><conditions><condition number="0" type="jump" coverage="50%"/></conditions></line><line number="14" hits="10" branch="true" condition-coverage="50% (1/2)"><conditions><condition number="0" type="jump" coverage="50%"/></conditions></line><line number="16" hits="5" branch="true" condition-coverage="40% (9/22)"><conditions><condition number="0" type="jump" coverage="40%"/></conditions></line><line number="17" hits="5" branch="true" condition-coverage="40% (9/22)"><conditions><condition number="0" type="jump" coverage="40%"/></conditions></line><line number="18" hits="5" branch="true" condition-coverage="40% (9/22)"><conditions><condition number="0" type="jump" coverage="40%"/></conditions></line><line number="19" hits="5" branch="true" condition-coverage="40% (9/22)"><conditions><condition number="0" type="jump" coverage="40%"/></conditions></line><line number="20" hits="5" branch="true" condition-coverage="40% (9/22)"><conditions><condition number="0" type="jump" coverage="40%"/></conditions></line><line number="21" hits="5" branch="true" condition-coverage="40% (9/22)"><conditions><condition number="0" type="jump" coverage="40%"/></conditions></line><line number="22" hits="5" branch="true" condition-coverage="40% (9/22)"><conditions><condition number="0" type="jump" coverage="40%"/></conditions></line><line number="23" hits="5" branch="true" condition-coverage="40% (9/22)"><conditions><condition number="0" type="jump" coverage="40%"/></conditions></line><line number="24" hits="5" branch="true" condition-coverage="40% (9/22)"><conditions><condition number="0" type="jump" coverage="40%"/></conditions></line><line number="25" hits="5" branch="true" condition-coverage="40% (9/22)"><conditions><condition number="0" type="jump" coverage="40%"/></conditions></line><line number="26" hits="5" branch="true" condition-coverage="40% (9/22)"><conditions><condition number="0" type="jump" coverage="40%"/></conditions></line><line number="27" hits="5" branch="true" condition-coverage="40% (9/22)"><conditions><condition number="0" type="jump" coverage="40%"/></conditions></line><line number="28" hits="5" branch="true" condition-coverage="40% (9/22)"><conditions><condition number="0" type="jump" coverage="40%"/></conditions></line><line number="29" hits="5" branch="true" condition-coverage="40% (9/22)"><conditions><condition number="0" type="jump" coverage="40%"/></conditions></line><line number="30" hits="5" branch="true" condition-coverage="40% (9/22)"><conditions><condition number="0" type="jump" coverage="40%"/></conditions></line><line number="31" hits="5" branch="true" condition-coverage="40% (9/22)"><conditions><condition number="0" type="jump" coverage="40%"/></conditions></line><line number="32" hits="5" branch="true" condition-coverage="40% (9/22)"><conditions><condition number="0" type="jump" coverage="40%"/></conditions></line><line number="33" hits="5" branch="true" condition-coverage="40% (9/22)"><conditions><condition number="0" type="jump" coverage="40%"/></conditions></line><line number="34" hits="5" branch="false"/><line number="36" hits="10" branch="true" condition-coverage="50% (2/4)"><conditions><condition number="0" type="jump" coverage="50%"/></conditions></line><line number="38" hits="10" branch="true" condition-coverage="50% (1/2)"><conditions><condition number="0" type="jump" coverage="50%"/></conditions></line><line number="40" hits="10" branch="true" condition-coverage="50% (1/2)"><conditions><condition number="0" type="jump" coverage="50%"/></conditions></line><line number="42" hits="10" branch="true" condition-coverage="50% (1/2)"><conditions><condition number="0" type="jump" coverage="50%"/></conditions></line><line number="44" hits="5" branch="true" condition-coverage="40% (9/22)"><conditions><condition number="0" type="jump" coverage="40%"/></conditions></line><line number="45" hits="5" branch="true" condition-coverage="40% (9/22)"><conditions><condition number="0" type="jump" coverage="40%"/></conditions></line><line number="46" hits="5" branch="true" condition-coverage="40% (9/22)"><conditions><condition number="0" type="jump" coverage="40%"/></conditions></line><line number="47" hits="5" branch="false"/><line number="49" hits="10" branch="true" condition-coverage="50% (2/4)"><conditions><condition number="0" type="jump" coverage="50%"/></conditions></line><line number="51" hits="10" branch="true" condition-coverage="50% (1/2)"><conditions><condition number="0" type="jump" coverage="50%"/></conditions></line><line number="53" hits="10" branch="true" condition-coverage="50% (1/2)"><conditions><condition number="0" type="jump" coverage="50%"/></conditions></line><line number="55" hits="10" branch="true" condition-coverage="50% (1/2)"><conditions><condition number="0" type="jump" coverage="50%"/></conditions></line><line number="57" hits="5" branch="true" condition-coverage="40% (9/22)"><conditions><condition number="0" type="jump" coverage="40%"/></conditions></line><line number="58" hits="5" branch="true" condition-coverage="40% (9/22)"><conditions><condition number="0" type="jump" coverage="40%"/></conditions></line><line number="59" hits="5" branch="false"/><line number="61" hits="10" branch="true" condition-coverage="50% (2/4)"><conditions><condition number="0" type="jump" coverage="50%"/></conditions></line><line number="63" hits="10" branch="false"/><line number="65" hits="10" branch="true" condition-coverage="50% (1/2)"><conditions><condition number="0" type="jump" coverage="50%"/></conditions></line><line number="67" hits="10" branch="true" condition-coverage="50% (1/2)"><conditions><condition number="0" type="jump" coverage="50%"/></conditions></line><line number="69" hits="5" branch="true" condition-coverage="40% (8/20)"><conditions><condition number="0" type="jump" coverage="40%"/></conditions></line><line number="70" hits="5" branch="false"/><line number="72" hits="10" branch="true" condition-coverage="50% (2/4)"><conditions><condition number="0" type="jump" coverage="50%"/></conditions></line><line number="74" hits="10" branch="true" condition-coverage="50% (1/2)"><conditions><condition number="0" type="jump" coverage="50%"/></conditions></line><line number="76" hits="10" branch="true" condition-coverage="50% (1/2)"><conditions><condition number="0" type="jump" coverage="50%"/></conditions></line><line number="78" hits="10" branch="true" condition-coverage="50% (1/2)"><conditions><condition number="0" type="jump" coverage="50%"/></conditions></line><line number="80" hits="5" branch="true" condition-coverage="40% (9/22)"><conditions><condition number="0" type="jump" coverage="40%"/></conditions></line><line number="81" hits="5" branch="true" condition-coverage="40% (9/22)"><conditions><condition number="0" type="jump" coverage="40%"/></conditions></line><line number="82" hits="5" branch="true" condition-coverage="40% (9/22)"><conditions><condition number="0" type="jump" coverage="40%"/></conditions></line><line number="83" hits="20" branch="true" condition-coverage="50% (2/4)"><conditions><condition number="0" type="jump" coverage="50%"/></conditions></line></lines></class><class name="test_types_cpp" filename="test_types.cpp" line-rate="1.0" branch-rate="0.41416309012875535" complexity="0.0"><methods/><lines><line number="7" hits="32" branch="true" condition-coverage="50% (2/4)"><conditions><condition number="0" type="jump" coverage="50%"/></conditions></line><line number="9" hits="32" branch="false"/><line number="11" hits="32" branch="true" condition-coverage="50% (1/2)"><conditions><condition number="0" type="jump" coverage="50%"/></conditions></line><line number="12" hits="16" branch="true" condition-coverage="40% (9/22)"><conditions><condition number="0" type="jump" coverage="40%"/></conditions></line><line number="13" hits="16" branch="true" condition-coverage="40% (9/22)"><conditions><condition number="0" type="jump" coverage="40%"/></conditions></line><line number="14" hits="16" branch="true" condition-coverage="40% (9/22)"><conditions><condition number="0" type="jump" coverage="40%"/></conditions></line><line number="16" hits="16" branch="true" condition-coverage="50% (1/2)"><conditions><condition number="0" type="jump" coverage="50%"/></conditions></line><line number="17" hits="16" branch="true" condition-coverage="40% (9/22)"><conditions><condition number="0" type="jump" coverage="40%"/></conditions></line><line number="18" hits="16" branch="true" condition-coverage="40% (9/22)"><conditions><condition number="0" type="jump" coverage="40%"/></conditions></line><line number="19" hits="16" branch="true" condition-coverage="40% (9/22)"><conditions><condition number="0" type="jump" coverage="40%"/></conditions></line><line number="21" hits="16" branch="true" condition-coverage="50% (1/2)"><conditions><condition number="0" type="jump" coverage="50%"/></conditions></line><line number="22" hits="16" branch="true" condition-coverage="40% (9/22)"><conditions><condition number="0" type="jump" coverage="40%"/></conditions></line><line number="23" hits="16" branch="true" condition-coverage="40% (9/22)"><conditions><condition number="0" type="jump" coverage="40%"/></conditions></line><line number="24" hits="16" branch="true" condition-coverage="40% (9/22)"><conditions><condition number="0" type="jump" coverage="40%"/></conditions></line><line number="26" hits="16" branch="true" condition-coverage="50% (1/2)"><conditions><condition number="0" type="jump" coverage="50%"/></conditions></line><line number="27" hits="16" branch="true" condition-coverage="40% (9/22)"><conditions><condition number="0" type="jump" coverage="40%"/></conditions></line><line number="28" hits="16" branch="true" condition-coverage="40% (9/22)"><conditions><condition number="0" type="jump" coverage="40%"/></conditions></line><line number="29" hits="16" branch="true" condition-coverage="40% (9/22)"><conditions><condition number="0" type="jump" coverage="40%"/></conditions></line><line number="31" hits="16" branch="true" condition-coverage="50% (1/2)"><conditions><condition number="0" type="jump" coverage="50%"/></conditions></line><line number="32" hits="16" branch="true" condition-coverage="40% (9/22)"><conditions><condition number="0" type="jump" coverage="40%"/></conditions></line><line number="33" hits="16" branch="true" condition-coverage="40% (9/22)"><conditions><condition number="0" type="jump" coverage="40%"/></conditions></line><line number="34" hits="16" branch="true" condition-coverage="40% (9/22)"><conditions><condition number="0" type="jump" coverage="40%"/></conditions></line><line number="36" hits="16" branch="true" condition-coverage="50% (1/2)"><conditions><condition number="0" type="jump" coverage="50%"/></conditions></line><line number="37" hits="16" branch="true" condition-coverage="40% (9/22)"><conditions><condition number="0" type="jump" coverage="40%"/></conditions></line><line number="39" hits="16" branch="true" condition-coverage="50% (1/2)"><conditions><condition number="0" type="jump" coverage="50%"/></conditions></line><line number="40" hits="16" branch="true" condition-coverage="40% (9/22)"><conditions><condition number="0" type="jump" coverage="40%"/></conditions></line><line number="41" hits="16" branch="true" condition-coverage="40% (9/22)"><conditions><condition number="0" type="jump" coverage="40%"/></conditions></line><line number="42" hits="16" branch="true" condition-coverage="40% (9/22)"><conditions><condition number="0" type="jump" coverage="40%"/></conditions></line><line number="44" hits="16" branch="false"/><line number="46" hits="32" branch="true" condition-coverage="50% (2/4)"><conditions><condition number="0" type="jump" coverage="50%"/></conditions></line><line number="48" hits="32" branch="false"/><line number="50" hits="16" branch="true" condition-coverage="40% (9/22)"><conditions><condition number="0" type="jump" coverage="40%"/></conditions></line><line number="53" hits="64" branch="true" condition-coverage="50% (2/4)"><conditions><condition number="0" type="jump" coverage="50%"/></conditions></line></lines></class><class name="tokenize_cpp" filename="tokenize.cpp" line-rate="1.0" branch-rate="0.7413793103448276" complexity="0.0"><methods/><lines><line number="6" hits="6900" branch="false"/><line number="7" hits="6900" branch="true" condition-coverage="90% (9/10)"><conditions><condition number="0" type="jump" coverage="90%"/></conditions></line><line number="11" hits="470" branch="false"/><line number="12" hits="470" branch="true" condition-coverage="50% (1/2)"><conditions><condition number="0" type="jump" coverage="50%"/></conditions></line><line number="13" hits="940" branch="false"/><line number="15" hits="7370" branch="true" condition-coverage="62% (5/8)"><conditions><condition number="0" type="jump" coverage="62%"/></conditions></line><line number="16" hits="6900" branch="true" condition-coverage="100% (2/2)"><conditions><condition number="0" type="jump" coverage="100%"/></conditions></line><line number="17" hits="3095" branch="true" condition-coverage="100% (2/2)"><conditions><condition number="0" type="jump" coverage="100%"/></conditions></line><line number="18" hits="1665" branch="true" condition-coverage="50% (1/2)"><conditions><condition number="0" type="jump" coverage="50%"/></conditions></line><line number="19" hits="1665" branch="true" condition-coverage="50% (1/2)"><conditions><condition number="0" type="jump" coverage="50%"/></conditions></line><line number="21" hits="3095" branch="true" condition-coverage="100% (2/2)"><conditions><condition number="0" type="jump" coverage="100%"/></conditions></line><line number="22" hits="6335" branch="true" condition-coverage="80% (8/10)"><conditions><condition number="0" type="jump" coverage="80%"/></conditions></line><line number="26" hits="2980" branch="true" condition-coverage="100% (4/4)"><conditions><condition number="0" type="jump" coverage="100%"/></conditions></line><line number="27" hits="1410" branch="true" condition-coverage="50% (2/4)"><conditions><condition number="0" type="jump" coverage="50%"/></conditions></line><line number="31" hits="3805" branch="true" condition-coverage="50% (1/2)"><conditions><condition number="0" type="jump" coverage="50%"/></conditions></line><line number="35" hits="470" branch="true" condition-coverage="100% (2/2)"><conditions><condition number="0" type="jump" coverage="100%"/></conditions></line><line number="36" hits="25" branch="true" condition-coverage="50% (1/2)"><conditions><condition number="0" type="jump" coverage="50%"/></conditions></line><line number="39" hits="940" branch="false"/><line number="40" hits="15" branch="true" condition-coverage="50% (2/4)"><conditions><condition number="0" type="jump" coverage="50%"/></conditions></line></lines></class><class name="unittests_cpp" filename="unittests.cpp" line-rate="1.0" branch-rate="0.4037433155080214" complexity="0.0"><methods/><lines><line number="10" hits="32" branch="true" condition-coverage="50% (2/4)"><conditions><condition number="0" type="jump" coverage="50%"/></conditions></line><line number="11" hits="32" branch="true" condition-coverage="50% (1/2)"><conditions><condition number="0" type="jump" coverage="50%"/></conditions></line><line number="13" hits="32" branch="true" condition-coverage="50% (1/2)"><conditions><condition number="0" type="jump" coverage="50%"/></conditions></line><line number="15" hits="32" branch="true" condition-coverage="50% (1/2)"><conditions><condition number="0" type="jump" coverage="50%"/></conditions></line><line number="17" hits="16" branch="true" condition-coverage="40% (8/20)"><conditions><condition number="0" type="jump" coverage="40%"/></conditions></line><line number="18" hits="16" branch="true" condition-coverage="40% (8/20)"><conditions><condition number="0" type="jump" coverage="40%"/></conditions></line><line number="19" hits="16" branch="true" condition-coverage="40% (8/20)"><conditions><condition number="0" type="jump" coverage="40%"/></conditions></line><line number="20" hits="16" branch="true" condition-coverage="40% (8/20)"><conditions><condition number="0" type="jump" coverage="40%"/></conditions></line><line number="21" hits="16" branch="true" condition-coverage="40% (8/20)"><conditions><condition number="0" type="jump" coverage="40%"/></conditions></line><line number="22" hits="16" branch="true" condition-coverage="40% (8/20)"><conditions><condition number="0" type="jump" coverage="40%"/></conditions></line><line number="23" hits="16" branch="true" condition-coverage="40% (8/20)"><conditions><condition number="0" type="jump" coverage="40%"/></conditions></line><line number="24" hits="16" branch="true" condition-coverage="40% (8/20)"><conditions><condition number="0" type="jump" coverage="40%"/></conditions></line><line number="25" hits="16" branch="true" condition-coverage="40% (8/20)"><conditions><condition number="0" type="jump" coverage="40%"/></conditions></line><line number="26" hits="16" branch="true" condition-coverage="40% (8/20)"><conditions><condition number="0" type="jump" coverage="40%"/></conditions></line><line number="27" hits="16" branch="true" condition-coverage="40% (8/20)"><conditions><condition number="0" type="jump" coverage="40%"/></conditions></line><line number="28" hits="16" branch="true" condition-coverage="40% (8/20)"><conditions><condition number="0" type="jump" coverage="40%"/></conditions></line><line number="29" hits="16" branch="true" condition-coverage="40% (8/20)"><conditions><condition number="0" type="jump" coverage="40%"/></conditions></line><line number="30" hits="16" branch="true" condition-coverage="40% (8/20)"><conditions><condition number="0" type="jump" coverage="40%"/></conditions></line><line number="31" hits="16" branch="true" condition-coverage="40% (8/20)"><conditions><condition number="0" type="jump" coverage="40%"/></conditions></line><line number="32" hits="16" branch="true" condition-coverage="40% (8/20)"><conditions><condition number="0" type="jump" coverage="40%"/></conditions></line><line number="33" hits="16" branch="true" condition-coverage="40% (8/20)"><conditions><condition number="0" type="jump" coverage="40%"/></conditions></line><line number="34" hits="16" branch="true" condition-coverage="40% (8/20)"><conditions><condition number="0" type="jump" coverage="40%"/></conditions></line><line number="35" hits="64" branch="true" condition-coverage="50% (2/4)"><conditions><condition number="0" type="jump" coverage="50%"/></conditions></line></lines></class></classes></package><package name="build" line-rate="1.0" branch-rate="0.5" complexity="0.0"><classes><class name="test_config_hpp" filename="build/test_config.hpp" line-rate="1.0" branch-rate="0.5" complexity="0.0"><methods/><lines><line number="6" hits="14" branch="true" condition-coverage="50% (1/2)"><conditions><condition number="0" type="jump" coverage="50%"/></conditions></line></lines></class></classes></package></packages></coverage>